<?xml version="1.0" encoding="utf-8"?><testsuites name="pytest tests"><testsuite name="pytest" errors="0" failures="0" skipped="0" tests="255" time="2.622" timestamp="2026-08-12T00:59:54.213592+09:00" hostname="seongwooui-MacBookAir.local"><testcase classname="tests.unit.test_v2_article" name="test_canonical_url_normalizes_only_frozen_components" time="0.000" /><testcase classname="tests.unit.test_v2_article" name="test_query_canonicalization_preserves_distinct_octets_and_forms" time="0.000" /><testcase classname="tests.unit.test_v2_article" name="test_unsafe_urls_are_rejected[ftp://example.com/a]" time="0.000" /><testcase classname="tests.unit.test_v2_article" name="test_unsafe_urls_are_rejected[https://user@example.com/a]" time="0.000" /><testcase classname="tests.unit.test_v2_article" name="test_unsafe_urls_are_rejected[https://example.com:444/a]" time="0.000" /><testcase classname="tests.unit.test_v2_article" name="test_unsafe_urls_are_rejected[https://t.me/a]" time="0.000" /><testcase classname="tests.unit.test_v2_article" name="test_selection_is_source_offset_and_canonical_byte_ordered" time="0.000" /><testcase classname="tests.unit.test_v2_article" name="test_body_identity_requires_exact_meaningful_body_threshold" time="0.000" /><testcase classname="tests.unit.test_v2_article" name="test_body_hash_and_material_count_share_title_excluded_identity" time="0.000" /><testcase classname="tests.unit.test_v2_article" name="test_meaningful_body_gate_is_exactly_eighty_letters_or_numbers" time="0.000" /><testcase classname="tests.unit.test_v2_article" name="test_private_resolver_is_rejected_before_any_socket_or_proxy_use" time="0.000" /><testcase classname="tests.unit.test_v2_article" name="test_dns_rejects_private_mixed_and_documentation_answers[answers0]" time="0.000" /><testcase classname="tests.unit.test_v2_article" name="test_dns_rejects_private_mixed_and_documentation_answers[answers1]" time="0.000" /><testcase classname="tests.unit.test_v2_article" name="test_dns_rejects_private_mixed_and_documentation_answers[answers2]" time="0.000" /><testcase classname="tests.unit.test_v2_article" name="test_dns_rejects_private_mixed_and_documentation_answers[answers3]" time="0.000" /><testcase classname="tests.unit.test_v2_article" name="test_dns_peer_is_lowest_packed_public_address" time="0.000" /><testcase classname="tests.unit.test_v2_article" name="test_html_canonical_requires_the_same_host_and_provenance_is_redacted" time="0.007" /><testcase classname="tests.unit.test_v2_article" name="test_private_psl_tenants_cannot_cross_canonicalize" time="0.000" /><testcase classname="tests.unit.test_v2_article" name="test_modified_and_generic_time_labels_are_not_publication_dates" time="0.000" /><testcase classname="tests.unit.test_v2_article" name="test_private_redirect_resolver_cannot_reach_socket" time="0.000" /><testcase classname="tests.unit.test_v2_article" name="test_dns_wall_budget_prevents_connect_after_slow_resolution" time="0.000" /><testcase classname="tests.unit.test_v2_article" name="test_private_harness_rejection_emits_only_bounded_alert" time="0.000" /><testcase classname="tests.unit.test_v2_article" name="test_source_date_precedence_and_same_precedence_conflict" time="0.000" /><testcase classname="tests.unit.test_v2_article" name="test_dns_cname_chain_accepts_only_the_reachable_terminal_owner" time="0.000" /><testcase classname="tests.unit.test_v2_article" name="test_dns_cname_chain_enforces_depth_and_loop_bounds" time="0.000" /><testcase classname="tests.unit.test_v2_codex" name="test_preparation_is_deterministic_full_width_and_keeps_observation_as_evidence_json" time="0.000" /><testcase classname="tests.unit.test_v2_codex" name="test_provider_error_classification_is_bounded_and_secret_free" time="0.000" /><testcase classname="tests.unit.test_v2_codex" name="test_exact_review_must_fit_one_telegram_message" time="0.002" /><testcase classname="tests.unit.test_v2_codex" name="test_non_clear_provider_failures_settle_terminal_without_relaunch[error0-busy]" time="0.017" /><testcase classname="tests.unit.test_v2_codex" name="test_non_clear_provider_failures_settle_terminal_without_relaunch[error1-timeout]" time="0.014" /><testcase classname="tests.unit.test_v2_codex" name="test_non_clear_provider_failures_settle_terminal_without_relaunch[error2-outer_timeout]" time="0.014" /><testcase classname="tests.unit.test_v2_codex" name="test_non_clear_provider_failures_settle_terminal_without_relaunch[error3-nonzero]" time="0.014" /><testcase classname="tests.unit.test_v2_codex" name="test_non_clear_provider_failures_settle_terminal_without_relaunch[error4-unexpected]" time="0.015" /><testcase classname="tests.unit.test_v2_codex" name="test_non_clear_provider_failures_settle_terminal_without_relaunch[error5-unexpected]" time="0.013" /><testcase classname="tests.unit.test_v2_codex" name="test_clear_pre_dispatch_network_failure_retries_once_with_exact_request_bytes" time="0.014" /><testcase classname="tests.unit.test_v2_codex" name="test_interrupted_pending_attempt_is_settled_without_restart_relaunch" time="0.014" /><testcase classname="tests.unit.test_v2_codex" name="test_worker_settles_cancellation_as_uncertain_terminal_outcome" time="0.015" /><testcase classname="tests.unit.test_v2_codex" name="test_worker_launches_persisted_exact_bytes_and_commits_one_draft" time="0.014" /><testcase classname="tests.unit.test_v2_codex" name="test_v2_codex_worker_rejects_wrong_service_authority_before_opening_db[newsbot-generate-codex-canary.service-database0]" time="0.000" /><testcase classname="tests.unit.test_v2_codex" name="test_v2_codex_worker_rejects_wrong_service_authority_before_opening_db[newsbot-generate-codex.service-database1]" time="0.000" /><testcase classname="tests.unit.test_v2_live" name="test_approval_callbacks_do_not_run_generation_or_sheets" time="0.014" /><testcase classname="tests.unit.test_v2_live" name="test_ambiguous_notification_is_never_resent_after_reopen" time="0.013" /><testcase classname="tests.unit.test_v2_live" name="test_failed_notification_is_terminally_reconciled_after_reopen" time="0.014" /><testcase classname="tests.unit.test_v2_live" name="test_failed_draft_notification_is_terminally_reconciled_after_reopen" time="0.013" /><testcase classname="tests.unit.test_v2_live" name="test_live_collection_is_bounded" time="0.012" /><testcase classname="tests.unit.test_v2_live" name="test_live_collection_stops_intake_when_due_backlog_reaches_limit" time="0.012" /><testcase classname="tests.unit.test_v2_live" name="test_v2_sheets_delivery_honors_prepared_metadata[exact-sheet_delivered-False-False]" time="0.013" /><testcase classname="tests.unit.test_v2_live" name="test_v2_sheets_delivery_honors_prepared_metadata[absent-sheet_delivered-True-True]" time="0.014" /><testcase classname="tests.unit.test_v2_live" name="test_v2_sheets_delivery_honors_prepared_metadata[conflict-manual_review-False-False]" time="0.014" /><testcase classname="tests.unit.test_v2_live" name="test_v2_sheet_export_identity_is_deterministic_and_namespaced" time="0.000" /><testcase classname="tests.unit.test_v2_live" name="test_non_applied_sheets_outcome_is_durably_ambiguous[ambiguous]" time="0.013" /><testcase classname="tests.unit.test_v2_live" name="test_non_applied_sheets_outcome_is_durably_ambiguous[blocked]" time="0.014" /><testcase classname="tests.unit.test_v2_live" name="test_non_applied_sheets_outcome_is_durably_ambiguous[not_applied]" time="0.015" /><testcase classname="tests.unit.test_v2_live" name="test_expired_pending_sheets_claim_becomes_manual_without_resend" time="0.013" /><testcase classname="tests.unit.test_v2_live" name="test_live_pending_sheets_claim_rejects_competing_sender" time="0.013" /><testcase classname="tests.unit.test_v2_live" name="test_sheets_untyped_pre_dispatch_failure_is_terminal_across_restart[prepare]" time="0.014" /><testcase classname="tests.unit.test_v2_live" name="test_sheets_untyped_pre_dispatch_failure_is_terminal_across_restart[attestation]" time="0.014" /><testcase classname="tests.unit.test_v2_live" name="test_sheets_untyped_pre_dispatch_failure_is_terminal_across_restart[arm]" time="0.014" /><testcase classname="tests.unit.test_v2_live" name="test_sheets_typed_clear_pre_dispatch_network_retries_once_without_dispatch" time="0.016" /><testcase classname="tests.unit.test_v2_live" name="test_sheets_clear_pre_dispatch_retry_becomes_terminal_when_bootstrap_fails_after_restart" time="0.016" /><testcase classname="tests.unit.test_v2_live" name="test_terminal_sheets_receipt_reconciles_manual_after_crash_without_credentials[ambiguous-unknown post-dispatch outcome-1]" time="0.015" /><testcase classname="tests.unit.test_v2_live" name="test_terminal_sheets_receipt_reconciles_manual_after_crash_without_credentials[failed-{&quot;failure&quot;: &quot;terminal_pre_dispatch_failure&quot;, &quot;phase&quot;: &quot;prepare_failed&quot;}-1]" time="0.015" /><testcase classname="tests.unit.test_v2_live" name="test_terminal_sheets_receipt_reconciles_manual_after_crash_without_credentials[failed-clear_pre_dispatch_network-2]" time="0.015" /><testcase classname="tests.unit.test_v2_live" name="test_sheets_missing_credentials_settle_terminal_without_timer_loop" time="0.014" /><testcase classname="tests.unit.test_v2_live" name="test_generic_pending_remote_attempt_is_not_resent" time="0.013" /><testcase classname="tests.unit.test_v2_live" name="test_google_sheets_cli_rejects_unapproved_draft_before_credentials" time="0.013" /><testcase classname="tests.unit.test_v2_live" name="test_confirmed_sheets_receipt_finishes_local_transition_after_reopen" time="0.014" /><testcase classname="tests.unit.test_v2_live" name="test_v2_telegram_tick_authorizes_callbacks_and_advances_cursor" time="0.014" /><testcase classname="tests.unit.test_v2_live" name="test_v2_callback_settlement_rejects_unauthorized_and_duplicates" time="0.013" /><testcase classname="tests.unit.test_v2_live" name="test_v2_telegram_tick_prioritizes_draft_notifications" time="0.014" /><testcase classname="tests.unit.test_v2_live" name="test_v2_telegram_tick_refuses_before_cursor_handoff" time="0.012" /><testcase classname="tests.unit.test_v2_live" name="test_v2_telegram_tick_recovers_crashed_notification_receipts_without_resend" time="0.016" /><testcase classname="tests.unit.test_v2_live" name="test_v2_telegram_tick_reconciles_expired_approval_capability" time="0.014" /><testcase classname="tests.unit.test_v2_live" name="test_deliver_google_sheets_next_recovers_crashed_receipts_without_dispatch" time="0.019" /><testcase classname="tests.unit.test_v2_live" name="test_deliver_google_sheets_next_reports_no_work" time="0.010" /><testcase classname="tests.unit.test_v2_live" name="test_deliver_google_sheets_next_selects_one_approved_draft" time="0.013" /><testcase classname="tests.unit.test_v2_live" name="test_candidate_message_uses_bound_evidence_escapes_and_utf8_bounds" time="0.001" /><testcase classname="tests.unit.test_v2_live" name="test_candidate_notifier_sends_one_approve_action_from_bound_evidence" time="0.000" /><testcase classname="tests.unit.test_v2_live" name="test_candidate_notifier_rejects_accepted_result_without_message_id" time="0.000" /><testcase classname="tests.unit.test_v2_live" name="test_v2_cli_status_and_operational_commands_remain_explicit" time="0.001" /><testcase classname="tests.unit.test_v2_live" name="test_v2_status_uses_one_bounded_keyset_page" time="0.000" /><testcase classname="tests.unit.test_v2_live" name="test_validate_selection_reports_failure_for_invariants_or_production_hash_drift[invariants0-snapshot_hashes0]" time="0.001" /><testcase classname="tests.unit.test_v2_live" name="test_validate_selection_reports_failure_for_invariants_or_production_hash_drift[invariants1-snapshot_hashes1]" time="0.001" /><testcase classname="tests.unit.test_v2_live" name="test_release_backlog_passes_reviewed_manifest_only" time="0.000" /><testcase classname="tests.unit.test_v2_live" name="test_release_backlog_rejects_tampered_item_without_releasing" time="0.000" /><testcase classname="tests.unit.test_v2_observability" name="test_metric_labels_have_only_declared_finite_values" time="0.000" /><testcase classname="tests.unit.test_v2_observability" name="test_serialized_events_redact_hostile_values" time="0.000" /><testcase classname="tests.unit.test_v2_observability" name="test_logging_sink_serializes_only_redacted_event" time="0.000" /><testcase classname="tests.unit.test_v2_observability" name="test_workflow_emits_policy_fetch_effect_queue_and_alert_events" time="0.013" /><testcase classname="tests.unit.test_v2_observability" name="test_workflow_emits_immediate_safety_alerts" time="0.021" /><testcase classname="tests.unit.test_v2_observability" name="test_threshold_evaluation_is_strict_and_deterministic" time="0.000" /><testcase classname="tests.unit.test_v2_observability" name="test_threshold_snapshot_rejects_impossible_values[kwargs0-cannot be negative]" time="0.000" /><testcase classname="tests.unit.test_v2_observability" name="test_threshold_snapshot_rejects_impossible_values[kwargs1-cannot exceed]" time="0.000" /><testcase classname="tests.unit.test_v2_observability" name="test_threshold_snapshot_rejects_impossible_values[kwargs2-cannot exceed]" time="0.000" /><testcase classname="tests.unit.test_v2_observability" name="test_threshold_snapshot_rejects_impossible_values[kwargs3-cannot exceed]" time="0.000" /><testcase classname="tests.unit.test_v2_observability" name="test_threshold_snapshot_rejects_impossible_values[kwargs4-baseline must be positive]" time="0.000" /><testcase classname="tests.unit.test_v2_observability" name="test_threshold_snapshot_rejects_impossible_values[kwargs5-baseline must be positive]" time="0.000" /><testcase classname="tests.unit.test_v2_policy" name="test_exclusion_categories_are_non_news[price_investment-Bitcoin price surged to a new all time high; technical analysis and target price.]" time="0.001" /><testcase classname="tests.unit.test_v2_policy" name="test_exclusion_categories_are_non_news[exchange_token_promotion-Exchange listing and airdrop points giveaway referral campaign.]" time="0.000" /><testcase classname="tests.unit.test_v2_policy" name="test_exclusion_categories_are_non_news[marketing_promotion-Sponsored paid promotion press release countdown teaser.]" time="0.000" /><testcase classname="tests.unit.test_v2_policy" name="test_exclusion_categories_are_non_news[partnership-The companies announced a strategic partnership and MOU.]" time="0.000" /><testcase classname="tests.unit.test_v2_policy" name="test_exclusion_categories_are_non_news[opinion_rumor-In my opinion, an anonymous source says this is probably a rumor.]" time="0.000" /><testcase classname="tests.unit.test_v2_policy" name="test_exclusion_categories_are_non_news[minor_update-A minor UI design update adds another language and fixes a small bug.]" time="0.000" /><testcase classname="tests.unit.test_v2_policy" name="test_significant_event_exceptions_precede_price_exclusion" time="0.000" /><testcase classname="tests.unit.test_v2_policy" name="test_trading_liquidations_remain_price_investment_exclusions[Bitcoin traders faced $500 million in long-position liquidation after a price crash. ]" time="0.000" /><testcase classname="tests.unit.test_v2_policy" name="test_trading_liquidations_remain_price_investment_exclusions[Crypto \uc2dc\uc7a5\uc5d0\uc11c \ube44\ud2b8\ucf54\uc778 \uac00\uaca9 \uae09\ub77d\uc73c\ub85c \ub871 \ud3ec\uc9c0\uc158 \uccad\uc0b0\uc774 \ubc1c\uc0dd\ud588\uace0 \ud22c\uc790\uc790\ub4e4\uc740 \ucc28\ud2b8\ub97c \ubd84\uc11d\ud588\ub2e4. ]" time="0.000" /><testcase classname="tests.unit.test_v2_policy" name="test_corporate_bankruptcy_and_liquidation_remain_significant_events[Bitcoin service provider company entered court-supervised liquidation proceedings after insolvency. ]" time="0.000" /><testcase classname="tests.unit.test_v2_policy" name="test_corporate_bankruptcy_and_liquidation_remain_significant_events[Crypto \ube14\ub85d\uccb4\uc778 \uae30\uc5c5\uc774 \ubc95\uc6d0 \uba85\ub839\uc5d0 \ub530\ub77c \uccad\uc0b0 \uc808\ucc28\ub97c \uac1c\uc2dc\ud574 \uc11c\ube44\uc2a4\ub97c \uc885\ub8cc\ud55c\ub2e4. ]" time="0.000" /><testcase classname="tests.unit.test_v2_policy" name="test_delisting_and_concrete_integration_exceptions[Bitcoin exchange delisting follows a court-ordered market withdrawal. ]" time="0.000" /><testcase classname="tests.unit.test_v2_policy" name="test_delisting_and_concrete_integration_exceptions[Blockchain partnership integrates payments into a service available to customers. ]" time="0.000" /><testcase classname="tests.unit.test_v2_policy" name="test_important_unconfirmed_rumor_is_ambiguous" time="0.000" /><testcase classname="tests.unit.test_v2_policy" name="test_minimum_topic_freshness_body_and_url_gates" time="0.009" /><testcase classname="tests.unit.test_v2_policy" name="test_clear_candidate_requires_all_gates" time="0.000" /><testcase classname="tests.unit.test_v2_policy" name="test_korean_hype_opinion_is_non_news" time="0.000" /><testcase classname="tests.unit.test_v2_policy" name="test_analyst_investment_cycle_outlook_is_non_news" time="0.000" /><testcase classname="tests.unit.test_v2_policy" name="test_analyst_attribution_does_not_mask_completed_factual_news[An analyst documented that the blockchain company launched its AI payment product to customers today. ]" time="0.000" /><testcase classname="tests.unit.test_v2_policy" name="test_analyst_attribution_does_not_mask_completed_factual_news[\uc99d\uad8c\uc0ac \uc560\ub110\ub9ac\uc2a4\ud2b8\uac00 \ube14\ub85d\uccb4\uc778 \uae30\uc5c5\uc758 AI \uacb0\uc81c \uc81c\ud488\uc774 \uc624\ub298 \uace0\uac1d\uc5d0\uac8c \uc815\uc2dd \ucd9c\uc2dc\ub41c \uc0ac\uc2e4\uc744 \ud655\uc778\ud588\ub2e4. ]" time="0.000" /><testcase classname="tests.unit.test_v2_policy" name="test_titles_do_not_satisfy_article_body_gate" time="0.000" /><testcase classname="tests.unit.test_v2_policy" name="test_clause_aware_korean_and_mixed_context[\ube14\ub85d\uccb4\uc778 \uae30\uc5c5\uc740 \ud574\ud0b9\ub418\uc9c0 \uc54a\uc558\uc73c\uba70 \uc11c\ube44\uc2a4 \uc7a5\uc560\ub3c4 \uc5c6\ub2e4. \ud655\uc778\ub41c \uc0ac\uc2e4 \ud655\uc778\ub41c \uc0ac\uc2e4 \ud655\uc778\ub41c \uc0ac\uc2e4 \ud655\uc778\ub41c \uc0ac\uc2e4 \ud655\uc778\ub41c \uc0ac\uc2e4 \ud655\uc778\ub41c \uc0ac\uc2e4 \ud655\uc778\ub41c \uc0ac\uc2e4 \ud655\uc778\ub41c \uc0ac\uc2e4 \ud655\uc778\ub41c \uc0ac\uc2e4 \ud655\uc778\ub41c \uc0ac\uc2e4 \ud655\uc778\ub41c \uc0ac\uc2e4 \ud655\uc778\ub41c \uc0ac\uc2e4 \ud655\uc778\ub41c \uc0ac\uc2e4 \ud655\uc778\ub41c \uc0ac\uc2e4 \ud655\uc778\ub41c \uc0ac\uc2e4 \ud655\uc778\ub41c \uc0ac\uc2e4 \ud655\uc778\ub41c \uc0ac\uc2e4 \ud655\uc778\ub41c \uc0ac\uc2e4 \ud655\uc778\ub41c \uc0ac\uc2e4 \ud655\uc778\ub41c \uc0ac\uc2e4 \ud655\uc778\ub41c \uc0ac\uc2e4 \ud655\uc778\ub41c \uc0ac\uc2e4 \ud655\uc778\ub41c \uc0ac\uc2e4 \ud655\uc778\ub41c \uc0ac\uc2e4 \ud655\uc778\ub41c \uc0ac\uc2e4 \ud655\uc778\ub41c \uc0ac\uc2e4 \ud655\uc778\ub41c \uc0ac\uc2e4 \ud655\uc778\ub41c \uc0ac\uc2e4 \ud655\uc778\ub41c \uc0ac\uc2e4 \ud655\uc778\ub41c \uc0ac\uc2e4 -candidate-clear_candidate]" time="0.000" /><testcase classname="tests.unit.test_v2_policy" name="test_clause_aware_korean_and_mixed_context[\ube14\ub85d\uccb4\uc778 \ud574\ud0b9\uc774 \ubc1c\uc0dd\ud588\ub2e4\ub294 \ub8e8\uba38\uac00 \uc804\ud574\uc84c\ub2e4. \ud655\uc778\ub41c \uc0ac\uc2e4 \ud655\uc778\ub41c \uc0ac\uc2e4 \ud655\uc778\ub41c \uc0ac\uc2e4 \ud655\uc778\ub41c \uc0ac\uc2e4 \ud655\uc778\ub41c \uc0ac\uc2e4 \ud655\uc778\ub41c \uc0ac\uc2e4 \ud655\uc778\ub41c \uc0ac\uc2e4 \ud655\uc778\ub41c \uc0ac\uc2e4 \ud655\uc778\ub41c \uc0ac\uc2e4 \ud655\uc778\ub41c \uc0ac\uc2e4 \ud655\uc778\ub41c \uc0ac\uc2e4 \ud655\uc778\ub41c \uc0ac\uc2e4 \ud655\uc778\ub41c \uc0ac\uc2e4 \ud655\uc778\ub41c \uc0ac\uc2e4 \ud655\uc778\ub41c \uc0ac\uc2e4 \ud655\uc778\ub41c \uc0ac\uc2e4 \ud655\uc778\ub41c \uc0ac\uc2e4 \ud655\uc778\ub41c \uc0ac\uc2e4 \ud655\uc778\ub41c \uc0ac\uc2e4 \ud655\uc778\ub41c \uc0ac\uc2e4 \ud655\uc778\ub41c \uc0ac\uc2e4 \ud655\uc778\ub41c \uc0ac\uc2e4 \ud655\uc778\ub41c \uc0ac\uc2e4 \ud655\uc778\ub41c \uc0ac\uc2e4 \ud655\uc778\ub41c \uc0ac\uc2e4 \ud655\uc778\ub41c \uc0ac\uc2e4 \ud655\uc778\ub41c \uc0ac\uc2e4 \ud655\uc778\ub41c \uc0ac\uc2e4 \ud655\uc778\ub41c \uc0ac\uc2e4 \ud655\uc778\ub41c \uc0ac\uc2e4 -ambiguous-important_unconfirmed]" time="0.000" /><testcase classname="tests.unit.test_v2_policy" name="test_clause_aware_korean_and_mixed_context[AI \ube14\ub85d\uccb4\uc778 \uae30\uc5c5\uc774 \ud30c\ud2b8\ub108\uc2ed\uc744 \ubc1c\ud45c\ud588\uc9c0\ub9cc \uad6c\uccb4\uc801 \ub3c4\uc785 \uacc4\ud68d\uc740 \uc5c6\ub2e4. \uc124\uba85 \uc124\uba85 \uc124\uba85 \uc124\uba85 \uc124\uba85 \uc124\uba85 \uc124\uba85 \uc124\uba85 \uc124\uba85 \uc124\uba85 \uc124\uba85 \uc124\uba85 \uc124\uba85 \uc124\uba85 \uc124\uba85 \uc124\uba85 \uc124\uba85 \uc124\uba85 \uc124\uba85 \uc124\uba85 \uc124\uba85 \uc124\uba85 \uc124\uba85 \uc124\uba85 \uc124\uba85 \uc124\uba85 \uc124\uba85 \uc124\uba85 \uc124\uba85 \uc124\uba85 -non_news-partnership]" time="0.000" /><testcase classname="tests.unit.test_v2_policy" name="test_clause_aware_korean_and_mixed_context[AI blockchain partnership integrates payments for named customers today. facts facts facts facts facts facts facts facts facts facts facts facts facts facts facts facts facts facts facts facts facts facts facts facts facts facts facts facts facts facts -candidate-clear_candidate]" time="0.000" /><testcase classname="tests.unit.test_v2_policy" name="test_trusted_date_conflict_is_ambiguous_before_context_routing" time="0.000" /><testcase classname="tests.unit.test_v2_policy" name="test_date_conflict_uses_fresh_telegram_date_not_stale_source_date" time="0.000" /><testcase classname="tests.unit.test_v2_policy" name="test_promotion_and_material_exception_conflicts_are_ambiguous[True-AI blockchain company announced a confirmed security breach. ]" time="0.001" /><testcase classname="tests.unit.test_v2_policy" name="test_promotion_and_material_exception_conflicts_are_ambiguous[False-Sponsored AI blockchain partnership deployed payments for named customers. ]" time="0.000" /><testcase classname="tests.unit.test_v2_policy" name="test_source_disposition_body_matrix_is_total[success-expected0]" time="0.000" /><testcase classname="tests.unit.test_v2_policy" name="test_source_disposition_body_matrix_is_total[source_unavailable-expected1]" time="0.000" /><testcase classname="tests.unit.test_v2_policy" name="test_source_disposition_body_matrix_is_total[unsafe_source_url-expected2]" time="0.000" /><testcase classname="tests.unit.test_v2_policy" name="test_source_disposition_body_matrix_is_total[no_eligible_url-expected3]" time="0.000" /><testcase classname="tests.unit.test_v2_policy" name="test_korean_topic_boundaries_allow_particles_not_unrelated_compounds" time="0.000" /><testcase classname="tests.unit.test_v2_policy" name="test_korean_topic_boundaries_allow_stacked_particles" time="0.000" /><testcase classname="tests.unit.test_v2_policy" name="test_all_structured_text_fields_are_nfc_normalized" time="0.000" /><testcase classname="tests.unit.test_v2_policy" name="test_negation_is_scoped_to_the_nearby_event" time="0.000" /><testcase classname="tests.unit.test_v2_workflow" name="test_initialization_and_duplicate_observation" time="0.013" /><testcase classname="tests.unit.test_v2_workflow" name="test_post_claim_edit_is_retained_without_reevaluation_or_resend" time="0.012" /><testcase classname="tests.unit.test_v2_workflow" name="test_schema_keeps_only_current_policy_outcome_and_reason" time="0.012" /><testcase classname="tests.unit.test_v2_workflow" name="test_snapshot_identity_accepts_only_current_body_contract" time="0.000" /><testcase classname="tests.unit.test_v2_workflow" name="test_persisted_order_and_due_timestamps_are_fixed_utc" time="0.012" /><testcase classname="tests.unit.test_v2_workflow" name="test_enrichment_leases_are_single_owner_and_never_dispatch_three_times" time="0.012" /><testcase classname="tests.unit.test_v2_workflow" name="test_both_approval_gates_and_sheet_delivery" time="0.013" /><testcase classname="tests.unit.test_v2_workflow" name="test_invalid_transition_and_manual_review" time="0.012" /><testcase classname="tests.unit.test_v2_workflow" name="test_non_news_does_not_create_candidate" time="0.012" /><testcase classname="tests.unit.test_v2_workflow" name="test_codex_request_state_identity_attempt_cap_and_pending_restart" time="0.014" /><testcase classname="tests.unit.test_v2_workflow" name="test_interrupted_codex_attempt_reconciles_to_manual_review_after_reopen" time="0.014" /><testcase classname="tests.unit.test_v2_workflow" name="test_prepared_codex_request_is_safely_resumable_after_reopen" time="0.013" /><testcase classname="tests.unit.test_v2_workflow" name="test_codex_success_is_atomic_with_draft_and_receipts" time="0.013" /><testcase classname="tests.unit.test_v2_workflow" name="test_telegram_cursor_handoff_merges_and_runtime_advances_monotonically" time="0.020" /><testcase classname="tests.unit.test_v2_workflow" name="test_edit_scan_cursor_survives_reopen_and_promotes_only_when_complete" time="0.011" /><testcase classname="tests.unit.test_v2_workflow" name="test_remote_effect_selectors_include_durable_recovery_receipts" time="0.014" /><testcase classname="tests.unit.test_v2_workflow" name="test_expired_approval_capabilities_move_each_gate_to_manual_review" time="0.016" /><testcase classname="tests.unit.test_v2_workflow" name="test_delivery_markers_rollback_together_on_each_failure[v2_drafts-NEW.state='sheet_delivered']" time="0.013" /><testcase classname="tests.unit.test_v2_workflow" name="test_delivery_markers_rollback_together_on_each_failure[v2_candidates-NEW.state='sheet_delivered']" time="0.013" /><testcase classname="tests.unit.test_v2_workflow" name="test_delivery_markers_rollback_together_on_each_failure[v2_stories-NEW.delivered_at IS NOT NULL]" time="0.013" /><testcase classname="tests.unit.test_v2_workflow" name="test_delivery_markers_rollback_together_on_each_failure[v2_story_claims-NEW.delivered_at IS NOT NULL]" time="0.013" /><testcase classname="tests.unit.test_v2_workflow" name="test_story_eligibility_blocks_every_downstream_surface" time="0.016" /><testcase classname="tests.unit.test_v2_workflow" name="test_notification_claim_is_single_winner_across_workers" time="0.012" /><testcase classname="tests.unit.test_v2_workflow" name="test_manual_review_wins_before_every_outbound_claim" time="0.021" /><testcase classname="tests.unit.test_v2_workflow" name="test_migrate_mode_refuses_missing_database_without_creating_it" time="0.000" /><testcase classname="tests.unit.test_telethon_collector" name="test_url_order_preserves_preview_utf16_entity_offsets_and_bare_occurrences" time="0.000" /><testcase classname="tests.unit.test_telethon_collector" name="test_observation_preserves_preview_and_marks_service_and_deleted_messages" time="0.000" /><testcase classname="tests.unit.test_telethon_collector" name="test_collect_ascending_applies_fixed_id_bounds_and_observes_messages" time="0.000" /><testcase classname="tests.unit.test_telethon_collector" name="test_edit_sweep_orders_total_cursor_and_excludes_equal_timestamp_cursor" time="0.000" /><testcase classname="tests.unit.test_telethon_collector" name="test_edit_sweep_pages_past_newest_messages_until_history_cutoff" time="0.000" /><testcase classname="tests.unit.test_telethon_collector" name="test_retry_retries_connection_failures_without_eager_telethon_import" time="0.000" /><testcase classname="tests.unit.test_telethon_collector" name="test_bounded_page_operations_reject_nonpositive_limits[0]" time="0.000" /><testcase classname="tests.unit.test_telethon_collector" name="test_bounded_page_operations_reject_nonpositive_limits[-1]" time="0.000" /><testcase classname="tests.integration.test_v2_article_security" name="test_direct_transport_ignores_proxy_and_parses_order_independent_metadata" time="0.000" /><testcase classname="tests.integration.test_v2_article_security" name="test_each_redirect_is_resolved_and_private_rebinding_never_connects" time="0.000" /><testcase classname="tests.integration.test_v2_article_security" name="test_deployment_blocked_hosts_apply_before_dns_and_on_redirects" time="0.000" /><testcase classname="tests.integration.test_v2_article_security" name="test_peer_mismatch_blocks_request_bytes" time="0.000" /><testcase classname="tests.integration.test_v2_article_security" name="test_header_line_and_streaming_compression_ratio_fail_closed" time="0.000" /><testcase classname="tests.integration.test_v2_article_security" name="test_absolute_deadline_stops_slow_drip_header" time="0.000" /><testcase classname="tests.integration.test_v2_article_security" name="test_page_chrome_cannot_satisfy_article_body_gate" time="0.000" /><testcase classname="tests.integration.test_v2_article_security" name="test_tls_uses_original_host_for_sni_and_closes_wrapped_socket" time="0.000" /><testcase classname="tests.integration.test_v2_article_security" name="test_real_tls_harness_proves_host_sni_certificate_and_proxy_isolation" time="0.048" /><testcase classname="tests.integration.test_v2_migrations" name="test_v2_open_modes_migration_and_readonly_verify" time="0.012" /><testcase classname="tests.integration.test_v2_migrations" name="test_migration_failure_keeps_pre_v2_schema" time="0.014" /><testcase classname="tests.integration.test_v2_migrations" name="test_v5_gap_rows_migrate_to_bounded_ranges" time="0.012" /><testcase classname="tests.integration.test_v2_migrations" name="test_large_sparse_channel_gap_uses_one_bounded_range" time="0.010" /><testcase classname="tests.integration.test_v2_migrations" name="test_open_modes_refuse_nonempty_mixed_and_future_databases_without_mutation" time="0.032" /><testcase classname="tests.integration.test_v2_migrations" name="test_baseline_migration_uses_receipt_truth_and_holds_brazil_duplicate" time="0.006" /><testcase classname="tests.integration.test_v2_migrations" name="test_baseline_migration_rolls_back_every_receipt_first_change" time="0.004" /><testcase classname="tests.integration.test_v2_migrations" name="test_baseline_migration_rejects_partial_known_duplicate_without_mutation" time="0.004" /><testcase classname="tests.integration.test_v2_migrations" name="test_migration_validation_failure_rolls_back_version_and_delta" time="0.004" /><testcase classname="tests.integration.test_v2_migrations" name="test_baseline_duplicate_lattice_is_receipt_first[D-D-None-True]" time="0.005" /><testcase classname="tests.integration.test_v2_migrations" name="test_baseline_duplicate_lattice_is_receipt_first[D-U-None-True]" time="0.005" /><testcase classname="tests.integration.test_v2_migrations" name="test_baseline_duplicate_lattice_is_receipt_first[D-S-candidate-a-False]" time="0.005" /><testcase classname="tests.integration.test_v2_migrations" name="test_baseline_duplicate_lattice_is_receipt_first[D-N-candidate-a-False]" time="0.005" /><testcase classname="tests.integration.test_v2_migrations" name="test_baseline_duplicate_lattice_is_receipt_first[U-D-None-True]" time="0.006" /><testcase classname="tests.integration.test_v2_migrations" name="test_baseline_duplicate_lattice_is_receipt_first[U-U-None-True]" time="0.005" /><testcase classname="tests.integration.test_v2_migrations" name="test_baseline_duplicate_lattice_is_receipt_first[U-S-None-True]" time="0.005" /><testcase classname="tests.integration.test_v2_migrations" name="test_baseline_duplicate_lattice_is_receipt_first[U-N-None-True]" time="0.005" /><testcase classname="tests.integration.test_v2_migrations" name="test_baseline_duplicate_lattice_is_receipt_first[S-D-candidate-b-False]" time="0.005" /><testcase classname="tests.integration.test_v2_migrations" name="test_baseline_duplicate_lattice_is_receipt_first[S-U-None-True]" time="0.005" /><testcase classname="tests.integration.test_v2_migrations" name="test_baseline_duplicate_lattice_is_receipt_first[S-S-None-True]" time="0.005" /><testcase classname="tests.integration.test_v2_migrations" name="test_baseline_duplicate_lattice_is_receipt_first[S-N-candidate-a-False]" time="0.005" /><testcase classname="tests.integration.test_v2_migrations" name="test_baseline_duplicate_lattice_is_receipt_first[N-D-candidate-b-False]" time="0.005" /><testcase classname="tests.integration.test_v2_migrations" name="test_baseline_duplicate_lattice_is_receipt_first[N-U-None-True]" time="0.005" /><testcase classname="tests.integration.test_v2_migrations" name="test_baseline_duplicate_lattice_is_receipt_first[N-S-candidate-b-False]" time="0.005" /><testcase classname="tests.integration.test_v2_migrations" name="test_baseline_duplicate_lattice_is_receipt_first[N-N-candidate-b-False]" time="0.005" /><testcase classname="tests.integration.test_v2_migrations" name="test_predecessor_schema_versions_migrate_to_current_schema[3]" time="0.016" /><testcase classname="tests.integration.test_v2_migrations" name="test_predecessor_schema_versions_migrate_to_current_schema[4]" time="0.015" /><testcase classname="tests.integration.test_v2_migrations" name="test_predecessor_schema_versions_migrate_to_current_schema[5]" time="0.013" /><testcase classname="tests.integration.test_v2_migrations" name="test_predecessor_schema_versions_migrate_to_current_schema[6]" time="0.013" /><testcase classname="tests.integration.test_v2_migrations" name="test_migration_preflight_creates_verified_hashed_backup" time="0.012" /><testcase classname="tests.integration.test_v2_migrations" name="test_migration_preflight_rejects_existing_backup_without_mutation" time="0.011" /><testcase classname="tests.integration.test_v2_migrations" name="test_migration_preflight_rejects_insufficient_free_space_without_mutation" time="0.010" /><testcase classname="tests.integration.test_v2_migrations" name="test_migration_preflight_checks_backup_capacity_on_distinct_filesystem" time="0.010" /><testcase classname="tests.integration.test_v2_migrations" name="test_migration_preflight_rejects_corrupt_source_without_backup" time="0.001" /><testcase classname="tests.integration.test_v2_migrations" name="test_migration_deadline_rolls_back_predecessor_schema_and_data" time="0.012" /><testcase classname="tests.integration.test_v2_selection_flow" name="test_cutover_hold_manifest_is_sorted_stable_and_releases_clean_candidates" time="0.015" /><testcase classname="tests.integration.test_v2_selection_flow" name="test_cutover_release_rejects_post_manifest_truth_changes_atomically" time="0.022" /><testcase classname="tests.integration.test_v2_selection_flow" name="test_cutover_release_rejects_evidence_changes_after_manifest" time="0.012" /><testcase classname="tests.integration.test_v2_selection_flow" name="test_effectful_candidates_are_excluded_from_new_cutover_manifest" time="0.028" /><testcase classname="tests.integration.test_v2_selection_flow" name="test_permanent_url_failure_falls_through_but_transient_does_not" time="0.022" /><testcase classname="tests.integration.test_v2_selection_flow" name="test_title_only_and_unavailable_source_follow_outcome_matrix" time="0.022" /><testcase classname="tests.integration.test_v2_selection_flow" name="test_unchanged_observation_skips_fetch_and_delivered_repost_is_suppressed" time="0.016" /><testcase classname="tests.integration.test_v2_selection_flow" name="test_multiple_claimed_story_matches_quarantine_without_new_candidate" time="0.015" /><testcase classname="tests.integration.test_v2_selection_flow" name="test_selected_redirect_aliases_converge_but_unselected_url_does_not" time="0.015" /><testcase classname="tests.integration.test_v2_selection_flow" name="test_due_enrichment_survives_restart_and_stale_content_skips_network" time="0.014" /><testcase classname="tests.integration.test_v2_selection_flow" name="test_source_failure_preserves_topic_and_sponsorship_exclusions" time="0.014" /><testcase classname="tests.integration.test_v2_selection_retention" name="test_finalization_claim_is_bound_and_duplicate_is_suppressed" time="0.012" /><testcase classname="tests.integration.test_v2_selection_retention" name="test_unchanged_revision_fast_path_and_keyset_page" time="0.014" /><testcase classname="tests.integration.test_v2_selection_retention" name="test_status_keyset_is_bounded_indexed_and_duplicate_free_at_ten_x" time="0.020" /><testcase classname="tests.integration.test_v2_selection_retention" name="test_status_keyset_is_honest_under_concurrent_insertions" time="0.018" /><testcase classname="tests.integration.test_v2_selection_retention" name="test_enrichment_and_outbound_selectors_stay_bounded_at_scale" time="0.025" /><testcase classname="tests.integration.test_v2_selection_retention" name="test_compaction_effect_selector_stays_bounded_and_indexed" time="0.014" /><testcase classname="tests.integration.test_v2_selection_retention" name="test_compaction_is_bounded_idempotent_and_preserves_protected_evidence" time="0.020" /><testcase classname="tests.integration.test_v2_selection_retention" name="test_compaction_covers_terminal_non_candidate_and_seven_day_superseded_payload" time="0.013" /><testcase classname="tests.integration.test_v2_selection_retention" name="test_callback_compaction_requires_terminal_workflow_without_unknown_effect" time="0.020" /><testcase classname="tests.integration.test_v2_selection_retention" name="test_compaction_shares_batch_and_cold_projects_raw_article_data" time="0.017" /><testcase classname="tests.integration.test_v2_selection_retention" name="test_old_delivered_binding_hold_does_not_block_compaction" time="0.015" /><testcase classname="tests.integration.test_v2_selection_retention" name="test_expired_unconsumed_terminal_callback_compacts" time="0.013" /><testcase classname="tests.integration.test_v2_selection_retention" name="test_delivered_codex_and_draft_compact_to_digests_without_resend" time="0.016" /><testcase classname="tests.integration.test_v2_selection_retention" name="test_compaction_preserves_retry_and_manual_evidence" time="0.018" /><testcase classname="tests.integration.test_v2_selection_retention" name="test_status_aggregate_requires_baseline_caps_and_uses_queue_indexes" time="0.131" /><testcase classname="tests.integration.test_collection_continuation" name="test_capped_pages_continue_before_promoting_cursor" time="0.033" /><testcase classname="tests.integration.test_collection_continuation" name="test_one_page_budgets_progress_primary_then_overlap_and_promote_cursor" time="0.034" /><testcase classname="tests.integration.test_collection_continuation" name="test_one_page_budget_leaves_primary_continuation" time="0.033" /><testcase classname="tests.integration.test_collection_continuation" name="test_initial_floor_is_inclusive_and_survives_a_restart" time="0.035" /><testcase classname="tests.integration.test_collection_continuation" name="test_edits_create_immutable_rich_snapshots" time="0.033" /><testcase classname="tests.integration.test_collection_continuation" name="test_timestamp_only_edit_reuses_material_version_and_preserves_both_snapshots" time="0.033" /><testcase classname="tests.integration.test_collection_continuation" name="test_engagement_snapshots_reuse_the_material_source_version" time="0.033" /><testcase classname="tests.integration.test_collection_continuation" name="test_default_overlap_is_72_hours_and_the_latest_100_ids" time="0.033" /><testcase classname="tests.integration.test_collection_continuation" name="test_mocked_telethon_provenance_mapping_is_complete" time="0.000" /><testcase classname="tests.integration.test_collection_continuation" name="test_deep_reconcile_never_moves_normal_cursor" time="0.033" /><testcase classname="tests.integration.test_collection_continuation" name="test_fixture_reconcile_is_bounded_and_cursor_neutral" time="0.045" /><testcase classname="tests.integration.test_collection_continuation" name="test_sparse_ids_and_arrivals_above_fixed_upper_wait_for_the_next_scan" time="0.034" /><testcase classname="tests.integration.test_collection_continuation" name="test_empty_bootstrap_records_an_id_frontier_for_a_later_scan" time="0.033" /><testcase classname="tests.integration.test_collection_continuation" name="test_normal_overlap_revisits_an_edit_below_the_committed_frontier" time="0.033" /><testcase classname="tests.integration.test_collection_continuation" name="test_resumed_scan_rejects_adapter_rows_outside_fixed_message_id_bounds" time="0.033" /><testcase classname="tests.e2e.test_v2_cutover" name="test_validate_selection_replays_copy_three_times_without_external_effects" time="0.019" /><testcase classname="tests.e2e.test_v2_cutover" name="test_sqlite_backup_includes_committed_wal_rows" time="0.012" /><testcase classname="tests.e2e.test_v2_cutover" name="test_separated_v2_services_complete_delivery_compact_and_suppress_repost" time="0.021" /></testsuite></testsuites>